Base path: C:/Program Files/Unity/Editor/Data
Pipe name: \\.\pipe\UnityShaderCompiler-64bit-1-2852
Cmd: getPlatforms
Cmd: preprocess
  insize=9238 outsize=2321 ok=1
Cmd: preprocess
  error: 2 plat 15 at (16): Can't find include file Colorful.cginc
  insize=2450 outsize=788 ok=0
Cmd: preprocess
  insize=11291 outsize=719 ok=1
Cmd: preprocess
  error: 2 plat 15 at (22): Can't find include file Colorful.cginc
  insize=877 outsize=325 ok=0
Cmd: preprocess
  error: 2 plat 15 at (13): Can't find include file Colorful.cginc
  insize=5268 outsize=855 ok=0
Cmd: preprocess
  insize=1220 outsize=458 ok=1
Cmd: preprocess
  insize=9695 outsize=918 ok=1
Cmd: preprocess
  insize=1692 outsize=351 ok=1
Cmd: preprocess
  insize=925 outsize=355 ok=1
Cmd: preprocess
  error: 2 plat 15 at (23): Can't find include file Colorful.cginc
  insize=671 outsize=379 ok=0
Cmd: preprocess
  insize=1013 outsize=316 ok=1
Cmd: preprocess
  error: 2 plat 15 at (23): Can't find include file Colorful.cginc
  insize=761 outsize=368 ok=0
Cmd: preprocess
  insize=1993 outsize=486 ok=1
Cmd: preprocess
  error: 2 plat 15 at (15): Can't find include file Colorful.cginc
  insize=1588 outsize=500 ok=0
Cmd: preprocess
  insize=1298 outsize=412 ok=1
Cmd: preprocess
  insize=1799 outsize=558 ok=1
Cmd: preprocess
  insize=3630 outsize=712 ok=1
Cmd: preprocess
  error: 2 plat 15 at (19): Can't find include file Colorful.cginc
  insize=3420 outsize=809 ok=0
Cmd: preprocess
  error: 2 plat 15 at (22): Can't find include file Colorful.cginc
  insize=735 outsize=353 ok=0
Cmd: preprocess
  insize=2377 outsize=466 ok=1
Cmd: preprocess
  insize=2344 outsize=1624 ok=1
Cmd: preprocess
  insize=1242 outsize=409 ok=1
Cmd: preprocess
  error: 2 plat 15 at (41): Can't find include file frag_ao.cginc
  error: 2 plat 15 at (45): Can't find include file frag_ao.cginc
  error: 2 plat 15 at (49): Can't find include file frag_ao.cginc
  error: 2 plat 15 at (53): Can't find include file frag_ao.cginc
  error: 2 plat 15 at (58): Can't find include file frag_ao.cginc
  insize=6809 outsize=797 ok=0
Cmd: preprocess
  error: 2 plat 15 at (13): Can't find include file Colorful.cginc
  insize=1300 outsize=464 ok=0
Cmd: preprocess
  insize=1180 outsize=313 ok=1
Cmd: preprocess
  insize=2658 outsize=774 ok=1
Cmd: preprocess
  insize=975 outsize=305 ok=1
Cmd: preprocess
  insize=1176 outsize=447 ok=1
Cmd: preprocess
  insize=1384 outsize=384 ok=1
Cmd: preprocess
  insize=1427 outsize=347 ok=1
Cmd: preprocess
  insize=1716 outsize=728 ok=1
Cmd: preprocess
  insize=1410 outsize=346 ok=1
Cmd: preprocess
  insize=1234 outsize=431 ok=1
Cmd: preprocess
  insize=1275 outsize=329 ok=1
Cmd: preprocess
  insize=2313 outsize=644 ok=1
Cmd: preprocess
  insize=972 outsize=271 ok=1
Cmd: preprocess
  error: 2 plat 15 at (23): Can't find include file Colorful.cginc
  insize=962 outsize=367 ok=0
Cmd: preprocess
  insize=1039 outsize=536 ok=1
Cmd: preprocess
  insize=794 outsize=320 ok=1
Cmd: preprocess
  insize=2514 outsize=1827 ok=1
Cmd: preprocess
  insize=657 outsize=319 ok=1
Cmd: preprocess
  insize=32639 outsize=273 ok=1
Cmd: preprocess
  error: 2 plat 15 at (14): Can't find include file Colorful.cginc
  insize=1335 outsize=504 ok=0
Cmd: preprocess
  insize=1223 outsize=260 ok=1
Cmd: preprocess
  insize=3606 outsize=704 ok=1
Cmd: preprocess
  insize=1794 outsize=575 ok=1
Cmd: preprocess
  insize=1006 outsize=248 ok=1
Cmd: preprocess
  insize=5407 outsize=1800 ok=1
Cmd: preprocess
  insize=13848 outsize=2058 ok=1
Cmd: preprocess
  insize=1045 outsize=358 ok=1
Cmd: preprocess
  insize=6309 outsize=753 ok=1
Cmd: preprocess
  insize=2978 outsize=782 ok=1
Cmd: preprocess
  insize=685 outsize=340 ok=1
Cmd: preprocess
  insize=937 outsize=463 ok=1
Cmd: preprocess
  insize=11465 outsize=2626 ok=1
Cmd: preprocess
  insize=984 outsize=438 ok=1
Cmd: preprocess
  insize=13865 outsize=2626 ok=1
Cmd: preprocess
  insize=1960 outsize=490 ok=1
Cmd: preprocess
  insize=1489 outsize=1486 ok=1
Cmd: preprocess
  insize=1699 outsize=302 ok=1
Cmd: preprocess
  insize=27359 outsize=4693 ok=1
Cmd: preprocess
  insize=912 outsize=473 ok=1
Cmd: preprocess
  insize=4118 outsize=552 ok=1
Cmd: preprocess
  error: 2 plat 15 at (24): Can't find include file Colorful.cginc
  insize=1046 outsize=417 ok=0
Cmd: preprocess
  insize=2281 outsize=1208 ok=1
Cmd: preprocess
  error: 2 plat 15 at (14): Can't find include file Colorful.cginc
  insize=1583 outsize=598 ok=0
Cmd: preprocess
  insize=1744 outsize=296 ok=1
Cmd: preprocess
  insize=936 outsize=381 ok=1
Cmd: preprocess
  insize=1033 outsize=351 ok=1
Cmd: preprocess
  insize=1134 outsize=457 ok=1
Cmd: preprocess
  insize=742 outsize=267 ok=1
Cmd: preprocess
  insize=5863 outsize=873 ok=1
Cmd: preprocess
  insize=5662 outsize=758 ok=1
Cmd: preprocess
  insize=590 outsize=357 ok=1
Cmd: preprocess
  insize=7288 outsize=922 ok=1
Cmd: preprocess
  insize=32649 outsize=273 ok=1
Cmd: preprocess
  insize=5299 outsize=1741 ok=1
Cmd: preprocess
  error: 2 plat 15 at (14): Can't find include file Colorful.cginc
  insize=9293 outsize=2784 ok=0
Cmd: preprocess
  insize=627 outsize=321 ok=1
Cmd: preprocess
  insize=6804 outsize=255 ok=1
Cmd: preprocess
  insize=4539 outsize=554 ok=1
Cmd: preprocess
  insize=4868 outsize=1016 ok=1
Cmd: preprocess
  insize=5767 outsize=1269 ok=1
Cmd: preprocess
  insize=725 outsize=317 ok=1
Cmd: preprocess
  insize=3940 outsize=650 ok=1
Cmd: preprocess
  insize=880 outsize=301 ok=1
Cmd: preprocess
  insize=1346 outsize=297 ok=1
Cmd: preprocess
  insize=2157 outsize=982 ok=1
Cmd: preprocess
  insize=5327 outsize=774 ok=1
Cmd: compileSnippet
  error: 2 plat 4 at (161): syntax error: unexpected token ')'\nCompiling Vertex program
  api=4 type=0 insize=4713 outsize=0 kw= ok=0
Cmd: preprocess
  insize=1087 outsize=489 ok=1
Cmd: preprocess
  insize=1220 outsize=389 ok=1
Cmd: preprocess
  insize=581 outsize=259 ok=1
Cmd: preprocess
  error: 2 plat 15 at (24): Can't find include file Colorful.cginc
  insize=1139 outsize=535 ok=0
Cmd: preprocess
  insize=731 outsize=315 ok=1
Cmd: preprocess
  insize=5293 outsize=887 ok=1
Cmd: preprocess
  insize=1734 outsize=683 ok=1
Cmd: preprocess
  error: 2 plat 15 at (22): Can't find include file Colorful.cginc
  insize=2315 outsize=786 ok=0
